<?xml version="1.0" encoding="UTF-8"?>
<coverage generated="1709085490144" clover="3.2.0">
  <project timestamp="1709085490144" name="All files">
    <metrics statements="4" coveredstatements="4" conditionals="3" coveredconditionals="3" methods="1" coveredmethods="1" elements="8" coveredelements="8" complexity="0" loc="4" ncloc="4" packages="1" files="1" classes="1"/>
    <file name="fibonacci.js" path="C:\Users\roman\Documents\projects\JS-Jest-get-started-\src\fibonacci.js">
      <metrics statements="4" coveredstatements="4" conditionals="3" coveredconditionals="3" methods="1" coveredmethods="1"/>
      <line num="2" count="27" type="cond" truecount="2" falsecount="0"/>
      <line num="3" count="15" type="stmt"/>
      <line num="5" count="12" type="stmt"/>
      <line num="8" count="1" type="stmt"/>
    </file>
  </project>
</coverage>
