{"C:\\Users\\roman\\Documents\\projects\\JS-Jest-get-started-\\src\\fibonacci.js": {"path":"C:\\Users\\roman\\Documents\\projects\\JS-Jest-get-started-\\src\\fibonacci.js","statementMap":{"0":{"start":{"line":2,"column":2},"end":{"line":4,"column":3}},"1":{"start":{"line":3,"column":4},"end":{"line":3,"column":26}},"2":{"start":{"line":5,"column":2},"end":{"line":5,"column":45}},"3":{"start":{"line":8,"column":0},"end":{"line":8,"column":31}}},"fnMap":{"0":{"name":"fibonacci","decl":{"start":{"line":1,"column":9},"end":{"line":1,"column":18}},"loc":{"start":{"line":1,"column":26},"end":{"line":6,"column":1}},"line":1}},"branchMap":{"0":{"loc":{"start":{"line":1,"column":19},"end":{"line":1,"column":24}},"type":"default-arg","locations":[{"start":{"line":1,"column":23},"end":{"line":1,"column":24}}],"line":1},"1":{"loc":{"start":{"line":2,"column":2},"end":{"line":4,"column":3}},"type":"if","locations":[{"start":{"line":2,"column":2},"end":{"line":4,"column":3}},{"start":{},"end":{}}],"line":2}},"s":{"0":27,"1":15,"2":12,"3":1},"f":{"0":27},"b":{"0":[1],"1":[15,12]},"_coverageSchema":"1a1c01bbd47fc00a2c39e90264f33305004495a9","hash":"fa04601a0f706accbbc5443a558c34b7196763eb"}
}
